<?xml version="1.0" encoding="UTF-8"?>
<Site BuildName="Win32-mingw32-make"
	BuildStamp="20240906-1527-Experimental"
	Name="mlk"
	Generator="ctest-3.25.0-rc3"
	CompilerName="C:/TDM-GCC-64/bin/c++.exe"
	CompilerVersion="10.3.0"
	OSName="Windows"
	Hostname="mlk"
	OSRelease=" Professional"
	OSVersion=" (Build 22631)"
	OSPlatform="AMD64"
	Is64Bits="1"
	VendorString="GenuineIntel"
	VendorID="Intel Corporation"
	FamilyID="6"
	ModelID="14"
	ProcessorCacheSize="-1"
	NumberOfLogicalCPU="8"
	NumberOfPhysicalCPU="4"
	TotalVirtualMemory="16422"
	TotalPhysicalMemory="8078"
	LogicalProcessorsPerPhysical="2"
	ProcessorClockFrequency="1800"
	>
	<Testing>
		<StartDateTime>Sep 06 23:32 Jerusalem Daylight Time</StartDateTime>
		<StartTestTime>1725654748</StartTestTime>
		<TestList/>
		<EndDateTime>Sep 06 23:32 Jerusalem Daylight Time</EndDateTime>
		<EndTestTime>1725654748</EndTestTime>
		<ElapsedMinutes>0</ElapsedMinutes>
	</Testing>
</Site>
